<?xml version="1.0" encoding="UTF-8"?><testrun name="Runner" project="bddFramework" tests="2" started="2" failures="2" errors="0" ignored="0">
  <testsuite name="runnerClass.Runner" time="17.479">
    <testsuite name="Feature: User registration on Tour Demo site" time="17.479">
      <testsuite name="Scenario: User registration" time="17.479" incomplete="true">
        <failure>java.lang.AssertionError: expected:&lt;false&gt; but was:&lt;true&gt;&#13;
	at org.junit.Assert.fail(Assert.java:88)&#13;
	at org.junit.Assert.failNotEquals(Assert.java:834)&#13;
	at org.junit.Assert.assertEquals(Assert.java:118)&#13;
	at org.junit.Assert.assertEquals(Assert.java:144)&#13;
	at stepDefinition.KodoStepDefinition.search_bar_functional_behaviour(KodoStepDefinition.java:111)&#13;
	at ✽.And Search bar functional behaviour(feature/KodoScenario.feature:8)&#13;
&#13;
</failure>
        <testcase name="Given I launch the URL" classname="Scenario: User registration" time="17.417"/>
        <testcase name="And Search bar functional behaviour" classname="Scenario: User registration" time="0.062">
          <failure>java.lang.AssertionError: expected:&lt;false&gt; but was:&lt;true&gt;&#13;
	at org.junit.Assert.fail(Assert.java:88)&#13;
	at org.junit.Assert.failNotEquals(Assert.java:834)&#13;
	at org.junit.Assert.assertEquals(Assert.java:118)&#13;
	at org.junit.Assert.assertEquals(Assert.java:144)&#13;
	at stepDefinition.KodoStepDefinition.search_bar_functional_behaviour(KodoStepDefinition.java:111)&#13;
	at ✽.And Search bar functional behaviour(feature/KodoScenario.feature:8)&#13;
&#13;
</failure>
        </testcase>
      </testsuite>
    </testsuite>
  </testsuite>
</testrun>
