<?xml version="1.0" encoding="UTF-8"?><testrun name="Runner" project="bddFramework" tests="2" started="2" failures="2" errors="0" ignored="0">
  <testsuite name="runnerClass.Runner" time="8.819">
    <testsuite name="Feature: User registration on Tour Demo site" time="8.819">
      <testsuite name="Scenario: User registration" time="8.819" incomplete="true">
        <failure>
          <expected>No results were found for your search "xxxxyyyy</expected>
          <actual>No results were found for your search "xxxxyyyy"</actual>org.junit.ComparisonFailure: expected:&lt;...our search "xxxxyyyy[]&gt; but was:&lt;...our search "xxxxyyyy["]&gt;&#13;
	at org.junit.Assert.assertEquals(Assert.java:115)&#13;
	at org.junit.Assert.assertEquals(Assert.java:144)&#13;
	at stepDefinition.KodoStepDefinition.search_bar_functional_behaviour(KodoStepDefinition.java:89)&#13;
	at ✽.And Search bar functional behaviour(feature/KodoScenario.feature:8)&#13;
&#13;
</failure>
        <testcase name="Given I launch the URL" classname="Scenario: User registration" time="8.767"/>
        <testcase name="And Search bar functional behaviour" classname="Scenario: User registration" time="0.052">
          <failure>
            <expected>No results were found for your search "xxxxyyyy</expected>
            <actual>No results were found for your search "xxxxyyyy"</actual>org.junit.ComparisonFailure: expected:&lt;...our search "xxxxyyyy[]&gt; but was:&lt;...our search "xxxxyyyy["]&gt;&#13;
	at org.junit.Assert.assertEquals(Assert.java:115)&#13;
	at org.junit.Assert.assertEquals(Assert.java:144)&#13;
	at stepDefinition.KodoStepDefinition.search_bar_functional_behaviour(KodoStepDefinition.java:89)&#13;
	at ✽.And Search bar functional behaviour(feature/KodoScenario.feature:8)&#13;
&#13;
</failure>
        </testcase>
      </testsuite>
    </testsuite>
  </testsuite>
</testrun>
