<?xml version="1.0" encoding="UTF-8"?><testrun name="Runner" project="bddFramework" tests="2" started="2" failures="2" errors="0" ignored="0">
  <testsuite name="runnerClass.Runner" time="12.743">
    <testsuite name="Feature: User registration on Tour Demo site" time="12.743">
      <testsuite name="Scenario: User registration" time="12.743" incomplete="true">
        <failure>java.lang.AssertionError: expected:&lt;[[ChromeDriver: chrome on XP (d911521b926dfb8712387aa7f9716210)] -&gt; class name: heading-counter]&gt; but was:&lt;4&gt;&#13;
	at org.junit.Assert.fail(Assert.java:88)&#13;
	at org.junit.Assert.failNotEquals(Assert.java:834)&#13;
	at org.junit.Assert.assertEquals(Assert.java:118)&#13;
	at org.junit.Assert.assertEquals(Assert.java:144)&#13;
	at stepDefinition.KodoStepDefinition.search_bar_functional_behaviour(KodoStepDefinition.java:103)&#13;
	at ✽.And Search bar functional behaviour(feature/KodoScenario.feature:8)&#13;
&#13;
</failure>
        <testcase name="Given I launch the URL" classname="Scenario: User registration" time="12.735"/>
        <testcase name="And Search bar functional behaviour" classname="Scenario: User registration" time="0.008">
          <failure>java.lang.AssertionError: expected:&lt;[[ChromeDriver: chrome on XP (d911521b926dfb8712387aa7f9716210)] -&gt; class name: heading-counter]&gt; but was:&lt;4&gt;&#13;
	at org.junit.Assert.fail(Assert.java:88)&#13;
	at org.junit.Assert.failNotEquals(Assert.java:834)&#13;
	at org.junit.Assert.assertEquals(Assert.java:118)&#13;
	at org.junit.Assert.assertEquals(Assert.java:144)&#13;
	at stepDefinition.KodoStepDefinition.search_bar_functional_behaviour(KodoStepDefinition.java:103)&#13;
	at ✽.And Search bar functional behaviour(feature/KodoScenario.feature:8)&#13;
&#13;
</failure>
        </testcase>
      </testsuite>
    </testsuite>
  </testsuite>
</testrun>
