<?xml version="1.0" encoding="UTF-8"?><testrun name="Runner" project="bddFramework" tests="2" started="2" failures="2" errors="0" ignored="0">
  <testsuite name="runnerClass.Runner" time="15.909">
    <testsuite name="Feature: User registration on Tour Demo site" time="15.909">
      <testsuite name="Scenario: User registration" time="15.909" incomplete="true">
        <failure>
          <expected>No results were found for your search "xxxxyyyy</expected>
          <actual>Please enter a search keyword</actual>org.junit.ComparisonFailure: expected:&lt;[No results were found for your search "xxxxyyyy]&gt; but was:&lt;[Please enter a search keyword]&gt;&#13;
	at org.junit.Assert.assertEquals(Assert.java:115)&#13;
	at org.junit.Assert.assertEquals(Assert.java:144)&#13;
	at stepDefinition.KodoStepDefinition.search_bar_functional_behaviour(KodoStepDefinition.java:84)&#13;
	at ✽.And Search bar functional behaviour(feature/KodoScenario.feature:8)&#13;
&#13;
</failure>
        <testcase name="Given I launch the URL" classname="Scenario: User registration" time="15.719"/>
        <testcase name="And Search bar functional behaviour" classname="Scenario: User registration" time="0.19">
          <failure>
            <expected>No results were found for your search "xxxxyyyy</expected>
            <actual>Please enter a search keyword</actual>org.junit.ComparisonFailure: expected:&lt;[No results were found for your search "xxxxyyyy]&gt; but was:&lt;[Please enter a search keyword]&gt;&#13;
	at org.junit.Assert.assertEquals(Assert.java:115)&#13;
	at org.junit.Assert.assertEquals(Assert.java:144)&#13;
	at stepDefinition.KodoStepDefinition.search_bar_functional_behaviour(KodoStepDefinition.java:84)&#13;
	at ✽.And Search bar functional behaviour(feature/KodoScenario.feature:8)&#13;
&#13;
</failure>
        </testcase>
      </testsuite>
    </testsuite>
  </testsuite>
</testrun>
